# JRE version: OpenJDK Runtime Environment (14.0.2+12) (build 14.0.2+12-46)
# Java VM: OpenJDK 64-Bit Server VM (14.0.2+12-46, mixed mode, tiered, compressed oops, g1 gc, windows-amd64)
Heap:
 garbage-first heap   total 112640K, used 91594K [0x0000000082200000, 0x0000000100000000)
  region size 1024K, 54 young (55296K), 7 survivors (7168K)
 Metaspace       used 77391K, capacity 79998K, committed 80332K, reserved 1118208K
  class space    used 10017K, capacity 10909K, committed 11008K, reserved 1048576K
GC Heap History (20 events):
Event: 494.265 GC heap after
{Heap after GC invocations=49 (full 4):
 garbage-first heap   total 112640K, used 43027K [0x0000000082200000, 0x0000000100000000)
  region size 1024K, 7 young (7168K), 7 survivors (7168K)
 Metaspace       used 76198K, capacity 78529K, committed 78668K, reserved 1118208K
  class space    used 9919K, capacity 10796K, committed 10880K, reserved 1048576K
}
Event: 536.145 GC heap before
{Heap before GC invocations=49 (full 4):
 garbage-first heap   total 112640K, used 85011K [0x0000000082200000, 0x0000000100000000)
  region size 1024K, 49 young (50176K), 7 survivors (7168K)
 Metaspace       used 76274K, capacity 78605K, committed 78924K, reserved 1118208K
  class space    used 9925K, capacity 10799K, committed 10880K, reserved 1048576K
}
Event: 536.193 GC heap after
{Heap after GC invocations=50 (full 5):
 garbage-first heap   total 112640K, used 36929K [0x0000000082200000, 0x0000000100000000)
  region size 1024K, 0 young (0K), 0 survivors (0K)
 Metaspace       used 76271K, capacity 78599K, committed 78924K, reserved 1118208K
  class space    used 9924K, capacity 10797K, committed 10880K, reserved 1048576K
}
Event: 536.516 GC heap before
{Heap before GC invocations=50 (full 5):
 garbage-first heap   total 112640K, used 89153K [0x0000000082200000, 0x0000000100000000)
  region size 1024K, 52 young (53248K), 0 survivors (0K)
 Metaspace       used 76425K, capacity 78837K, committed 78924K, reserved 1118208K
  class space    used 9945K, capacity 10849K, committed 10880K, reserved 1048576K
}
Event: 536.519 GC heap after
{Heap after GC invocations=51 (full 5):
 garbage-first heap   total 112640K, used 40001K [0x0000000082200000, 0x0000000100000000)
  region size 1024K, 3 young (3072K), 3 survivors (3072K)
 Metaspace       used 76425K, capacity 78837K, committed 78924K, reserved 1118208K
  class space    used 9945K, capacity 10849K, committed 10880K, reserved 1048576K
}
Event: 536.654 GC heap before
{Heap before GC invocations=51 (full 5):
 garbage-first heap   total 112640K, used 89153K [0x0000000082200000, 0x0000000100000000)
  region size 1024K, 52 young (53248K), 3 survivors (3072K)
 Metaspace       used 76425K, capacity 78837K, committed 78924K, reserved 1118208K
  class space    used 9945K, capacity 10849K, committed 10880K, reserved 1048576K
}
Event: 536.658 GC heap after
{Heap after GC invocations=52 (full 5):
 garbage-first heap   total 112640K, used 40302K [0x0000000082200000, 0x0000000100000000)
  region size 1024K, 4 young (4096K), 4 survivors (4096K)
 Metaspace       used 76425K, capacity 78837K, committed 78924K, reserved 1118208K
  class space    used 9945K, capacity 10849K, committed 10880K, reserved 1048576K
}
Event: 536.899 GC heap before
{Heap before GC invocations=52 (full 5):
 garbage-first heap   total 112640K, used 91502K [0x0000000082200000, 0x0000000100000000)
  region size 1024K, 54 young (55296K), 4 survivors (4096K)
 Metaspace       used 76653K, capacity 79065K, committed 79180K, reserved 1118208K
  class space    used 9963K, capacity 10857K, committed 10880K, reserved 1048576K
}
Event: 536.903 GC heap after
{Heap after GC invocations=53 (full 5):
 garbage-first heap   total 112640K, used 43805K [0x0000000082200000, 0x0000000100000000)
  region size 1024K, 7 young (7168K), 7 survivors (7168K)
 Metaspace       used 76653K, capacity 79065K, committed 79180K, reserved 1118208K
  class space    used 9963K, capacity 10857K, committed 10880K, reserved 1048576K
}
Event: 627.700 GC heap before
{Heap before GC invocations=53 (full 5):
 garbage-first heap   total 112640K, used 90909K [0x0000000082200000, 0x0000000100000000)
  region size 1024K, 53 young (54272K), 7 survivors (7168K)
 Metaspace       used 76832K, capacity 79138K, committed 79180K, reserved 1118208K
  class space    used 9973K, capacity 10859K, committed 10880K, reserved 1048576K
}
Event: 627.705 GC heap after
{Heap after GC invocations=54 (full 5):
 garbage-first heap   total 112640K, used 45215K [0x0000000082200000, 0x0000000100000000)
  region size 1024K, 6 young (6144K), 6 survivors (6144K)
 Metaspace       used 76832K, capacity 79138K, committed 79180K, reserved 1118208K
  class space    used 9973K, capacity 10859K, committed 10880K, reserved 1048576K
}
Event: 628.139 GC heap before
{Heap before GC invocations=54 (full 5):
 garbage-first heap   total 112640K, used 46239K [0x0000000082200000, 0x0000000100000000)
  region size 1024K, 8 young (8192K), 6 survivors (6144K)
 Metaspace       used 76835K, capacity 79144K, committed 79180K, reserved 1118208K
  class space    used 9974K, capacity 10861K, committed 10880K, reserved 1048576K
}
Event: 628.179 GC heap after
{Heap after GC invocations=55 (full 6):
 garbage-first heap   total 112640K, used 37246K [0x0000000082200000, 0x0000000100000000)
  region size 1024K, 0 young (0K), 0 survivors (0K)
 Metaspace       used 76833K, capacity 79138K, committed 79180K, reserved 1118208K
  class space    used 9973K, capacity 10859K, committed 10880K, reserved 1048576K
}
Event: 628.519 GC heap before
{Heap before GC invocations=55 (full 6):
 garbage-first heap   total 112640K, used 90494K [0x0000000082200000, 0x0000000100000000)
  region size 1024K, 53 young (54272K), 0 survivors (0K)
 Metaspace       used 76952K, capacity 79322K, committed 79564K, reserved 1118208K
  class space    used 9988K, capacity 10899K, committed 11008K, reserved 1048576K
}
Event: 628.522 GC heap after
{Heap after GC invocations=56 (full 6):
 garbage-first heap   total 112640K, used 40094K [0x0000000082200000, 0x0000000100000000)
  region size 1024K, 3 young (3072K), 3 survivors (3072K)
 Metaspace       used 76952K, capacity 79322K, committed 79564K, reserved 1118208K
  class space    used 9988K, capacity 10899K, committed 11008K, reserved 1048576K
}
Event: 628.620 GC heap before
{Heap before GC invocations=56 (full 6):
 garbage-first heap   total 112640K, used 90270K [0x0000000082200000, 0x0000000100000000)
  region size 1024K, 53 young (54272K), 3 survivors (3072K)
 Metaspace       used 76958K, capacity 79322K, committed 79564K, reserved 1118208K
  class space    used 9989K, capacity 10899K, committed 11008K, reserved 1048576K
}
Event: 628.624 GC heap after
{Heap after GC invocations=57 (full 6):
 garbage-first heap   total 112640K, used 40792K [0x0000000082200000, 0x0000000100000000)
  region size 1024K, 4 young (4096K), 4 survivors (4096K)
 Metaspace       used 76958K, capacity 79322K, committed 79564K, reserved 1118208K
  class space    used 9989K, capacity 10899K, committed 11008K, reserved 1048576K
}
Event: 628.860 GC heap before
{Heap before GC invocations=57 (full 6):
 garbage-first heap   total 112640K, used 91992K [0x0000000082200000, 0x0000000100000000)
  region size 1024K, 54 young (55296K), 4 survivors (4096K)
 Metaspace       used 77164K, capacity 79526K, committed 79820K, reserved 1118208K
  class space    used 10004K, capacity 10903K, committed 11008K, reserved 1048576K
}
Event: 628.864 GC heap after
{Heap after GC invocations=58 (full 6):
 garbage-first heap   total 112640K, used 43910K [0x0000000082200000, 0x0000000100000000)
  region size 1024K, 7 young (7168K), 7 survivors (7168K)
 Metaspace       used 77164K, capacity 79526K, committed 79820K, reserved 1118208K
  class space    used 10004K, capacity 10903K, committed 11008K, reserved 1048576K
}
Event: 729.327 GC heap before
{Heap before GC invocations=58 (full 6):
 garbage-first heap   total 112640K, used 91014K [0x0000000082200000, 0x0000000100000000)
  region size 1024K, 54 young (55296K), 7 survivors (7168K)
 Metaspace       used 77391K, capacity 79998K, committed 80332K, reserved 1118208K
  class space    used 10017K, capacity 10909K, committed 11008K, reserved 1048576K
}

